[2016-08-11 23:50:51] production.ERROR: exception 'RuntimeException' with message 'No supported encrypter found. The cipher and / or key length are invalid.' in /Users/drewgallagher/Desktop/flixfastforward/flixFastForwardBackend/bootstrap/cache/compiled.php:7771
Stack trace:
#0 /Users/drewgallagher/Desktop/flixfastforward/flixFastForwardBackend/bootstrap/cache/compiled.php(7761): Illuminate\Encryption\EncryptionServiceProvider->getEncrypterForKeyAndCipher(NULL, 'AES-256-CBC')
#1 /Users/drewgallagher/Desktop/flixfastforward/flixFastForwardBackend/bootstrap/cache/compiled.php(1353): Illuminate\Encryption\EncryptionServiceProvider->Illuminate\Encryption\{closure}(Object(Illuminate\Foundation\Application), Array)
#2 /Users/drewgallagher/Desktop/flixfastforward/flixFastForwardBackend/bootstrap/cache/compiled.php(1309): Illuminate\Container\Container->build(Object(Closure), Array)
#3 /Users/drewgallagher/Desktop/flixfastforward/flixFastForwardBackend/bootstrap/cache/compiled.php(1874): Illuminate\Container\Container->make('encrypter', Array)
#4 /Users/drewgallagher/Desktop/flixfastforward/flixFastForwardBackend/bootstrap/cache/compiled.php(1410): Illuminate\Foundation\Application->make('Illuminate\\Cont...')
#5 /Users/drewgallagher/Desktop/flixfastforward/flixFastForwardBackend/bootstrap/cache/compiled.php(1387): Illuminate\Container\Container->resolveClass(Object(ReflectionParameter))
#6 /Users/drewgallagher/Desktop/flixfastforward/flixFastForwardBackend/bootstrap/cache/compiled.php(1373): Illuminate\Container\Container->getDependencies(Array, Array)
#7 /Users/drewgallagher/Desktop/flixfastforward/flixFastForwardBackend/bootstrap/cache/compiled.php(1309): Illuminate\Container\Container->build('App\\Http\\Middle...', Array)
#8 /Users/drewgallagher/Desktop/flixfastforward/flixFastForwardBackend/bootstrap/cache/compiled.php(1874): Illuminate\Container\Container->make('App\\Http\\Middle...', Array)
#9 /Users/drewgallagher/Desktop/flixfastforward/flixFastForwardBackend/bootstrap/cache/compiled.php(9958): Illuminate\Foundation\Application->make('App\\Http\\Middle...')
#10 [internal function]: Illuminate\Pipeline\Pipeline->Illuminate\Pipeline\{closure}(Object(Illuminate\Http\Request))
#11 /Users/drewgallagher/Desktop/flixfastforward/flixFastForwardBackend/vendor/laravel/framework/src/Illuminate/Routing/Pipeline.php(32): call_user_func(Object(Closure), Object(Illuminate\Http\Request))
#12 [internal function]: Illuminate\Routing\Pipeline->Illuminate\Routing\{closure}(Object(Illuminate\Http\Request))
#13 /Users/drewgallagher/Desktop/flixfastforward/flixFastForwardBackend/bootstrap/cache/compiled.php(9948): call_user_func(Object(Closure), Object(Illuminate\Http\Request))
#14 /Users/drewgallagher/Desktop/flixfastforward/flixFastForwardBackend/bootstrap/cache/compiled.php(8226): Illuminate\Pipeline\Pipeline->then(Object(Closure))
#15 /Users/drewgallagher/Desktop/flixfastforward/flixFastForwardBackend/bootstrap/cache/compiled.php(8217): Illuminate\Routing\Router->runRouteWithinStack(Object(Illuminate\Routing\Route), Object(Illuminate\Http\Request))
#16 /Users/drewgallagher/Desktop/flixfastforward/flixFastForwardBackend/bootstrap/cache/compiled.php(8207): Illuminate\Routing\Router->dispatchToRoute(Object(Illuminate\Http\Request))
#17 /Users/drewgallagher/Desktop/flixfastforward/flixFastForwardBackend/bootstrap/cache/compiled.php(2419): Illuminate\Routing\Router->dispatch(Object(Illuminate\Http\Request))
#18 [internal function]: Illuminate\Foundation\Http\Kernel->Illuminate\Foundation\Http\{closure}(Object(Illuminate\Http\Request))
#19 /Users/drewgallagher/Desktop/flixfastforward/flixFastForwardBackend/vendor/laravel/framework/src/Illuminate/Routing/Pipeline.php(52): call_user_func(Object(Closure), Object(Illuminate\Http\Request))
#20 /Users/drewgallagher/Desktop/flixfastforward/flixFastForwardBackend/bootstrap/cache/compiled.php(3286): Illuminate\Routing\Pipeline->Illuminate\Routing\{closure}(Object(Illuminate\Http\Request))
#21 [internal function]: Illuminate\Foundation\Http\Middleware\CheckForMaintenanceMode->handle(Object(Illuminate\Http\Request), Object(Closure))
#22 /Users/drewgallagher/Desktop/flixfastforward/flixFastForwardBackend/bootstrap/cache/compiled.php(9963): call_user_func_array(Array, Array)
#23 [internal function]: Illuminate\Pipeline\Pipeline->Illuminate\Pipeline\{closure}(Object(Illuminate\Http\Request))
#24 /Users/drewgallagher/Desktop/flixfastforward/flixFastForwardBackend/vendor/laravel/framework/src/Illuminate/Routing/Pipeline.php(32): call_user_func(Object(Closure), Object(Illuminate\Http\Request))
#25 [internal function]: Illuminate\Routing\Pipeline->Illuminate\Routing\{closure}(Object(Illuminate\Http\Request))
#26 /Users/drewgallagher/Desktop/flixfastforward/flixFastForwardBackend/bootstrap/cache/compiled.php(9948): call_user_func(Object(Closure), Object(Illuminate\Http\Request))
#27 /Users/drewgallagher/Desktop/flixfastforward/flixFastForwardBackend/bootstrap/cache/compiled.php(2366): Illuminate\Pipeline\Pipeline->then(Object(Closure))
#28 /Users/drewgallagher/Desktop/flixfastforward/flixFastForwardBackend/bootstrap/cache/compiled.php(2350): Illuminate\Foundation\Http\Kernel->sendRequestThroughRouter(Object(Illuminate\Http\Request))
#29 /Users/drewgallagher/Desktop/flixfastforward/flixFastForwardBackend/public/index.php(54): Illuminate\Foundation\Http\Kernel->handle(Object(Illuminate\Http\Request))
#30 /Users/drewgallagher/Desktop/flixfastforward/flixFastForwardBackend/server.php(21): require_once('/Users/drewgall...')
#31 {main}  
[2016-08-11 23:50:51] production.ERROR: exception 'RuntimeException' with message 'No supported encrypter found. The cipher and / or key length are invalid.' in /Users/drewgallagher/Desktop/flixfastforward/flixFastForwardBackend/bootstrap/cache/compiled.php:7771
Stack trace:
#0 /Users/drewgallagher/Desktop/flixfastforward/flixFastForwardBackend/bootstrap/cache/compiled.php(7761): Illuminate\Encryption\EncryptionServiceProvider->getEncrypterForKeyAndCipher(NULL, 'AES-256-CBC')
#1 /Users/drewgallagher/Desktop/flixfastforward/flixFastForwardBackend/bootstrap/cache/compiled.php(1353): Illuminate\Encryption\EncryptionServiceProvider->Illuminate\Encryption\{closure}(Object(Illuminate\Foundation\Application), Array)
#2 /Users/drewgallagher/Desktop/flixfastforward/flixFastForwardBackend/bootstrap/cache/compiled.php(1309): Illuminate\Container\Container->build(Object(Closure), Array)
#3 /Users/drewgallagher/Desktop/flixfastforward/flixFastForwardBackend/bootstrap/cache/compiled.php(1874): Illuminate\Container\Container->make('encrypter', Array)
#4 /Users/drewgallagher/Desktop/flixfastforward/flixFastForwardBackend/bootstrap/cache/compiled.php(1410): Illuminate\Foundation\Application->make('Illuminate\\Cont...')
#5 /Users/drewgallagher/Desktop/flixfastforward/flixFastForwardBackend/bootstrap/cache/compiled.php(1387): Illuminate\Container\Container->resolveClass(Object(ReflectionParameter))
#6 /Users/drewgallagher/Desktop/flixfastforward/flixFastForwardBackend/bootstrap/cache/compiled.php(1373): Illuminate\Container\Container->getDependencies(Array, Array)
#7 /Users/drewgallagher/Desktop/flixfastforward/flixFastForwardBackend/bootstrap/cache/compiled.php(1309): Illuminate\Container\Container->build('App\\Http\\Middle...', Array)
#8 /Users/drewgallagher/Desktop/flixfastforward/flixFastForwardBackend/bootstrap/cache/compiled.php(1874): Illuminate\Container\Container->make('App\\Http\\Middle...', Array)
#9 /Users/drewgallagher/Desktop/flixfastforward/flixFastForwardBackend/bootstrap/cache/compiled.php(2373): Illuminate\Foundation\Application->make('App\\Http\\Middle...')
#10 /Users/drewgallagher/Desktop/flixfastforward/flixFastForwardBackend/public/index.php(58): Illuminate\Foundation\Http\Kernel->terminate(Object(Illuminate\Http\Request), Object(Illuminate\Http\Response))
#11 /Users/drewgallagher/Desktop/flixfastforward/flixFastForwardBackend/server.php(21): require_once('/Users/drewgall...')
#12 {main}  
[2016-08-11 23:50:54] production.ERROR: exception 'RuntimeException' with message 'No supported encrypter found. The cipher and / or key length are invalid.' in /Users/drewgallagher/Desktop/flixfastforward/flixFastForwardBackend/bootstrap/cache/compiled.php:7771
Stack trace:
#0 /Users/drewgallagher/Desktop/flixfastforward/flixFastForwardBackend/bootstrap/cache/compiled.php(7761): Illuminate\Encryption\EncryptionServiceProvider->getEncrypterForKeyAndCipher(NULL, 'AES-256-CBC')
#1 /Users/drewgallagher/Desktop/flixfastforward/flixFastForwardBackend/bootstrap/cache/compiled.php(1353): Illuminate\Encryption\EncryptionServiceProvider->Illuminate\Encryption\{closure}(Object(Illuminate\Foundation\Application), Array)
#2 /Users/drewgallagher/Desktop/flixfastforward/flixFastForwardBackend/bootstrap/cache/compiled.php(1309): Illuminate\Container\Container->build(Object(Closure), Array)
#3 /Users/drewgallagher/Desktop/flixfastforward/flixFastForwardBackend/bootstrap/cache/compiled.php(1874): Illuminate\Container\Container->make('encrypter', Array)
#4 /Users/drewgallagher/Desktop/flixfastforward/flixFastForwardBackend/bootstrap/cache/compiled.php(1410): Illuminate\Foundation\Application->make('Illuminate\\Cont...')
#5 /Users/drewgallagher/Desktop/flixfastforward/flixFastForwardBackend/bootstrap/cache/compiled.php(1387): Illuminate\Container\Container->resolveClass(Object(ReflectionParameter))
#6 /Users/drewgallagher/Desktop/flixfastforward/flixFastForwardBackend/bootstrap/cache/compiled.php(1373): Illuminate\Container\Container->getDependencies(Array, Array)
#7 /Users/drewgallagher/Desktop/flixfastforward/flixFastForwardBackend/bootstrap/cache/compiled.php(1309): Illuminate\Container\Container->build('App\\Http\\Middle...', Array)
#8 /Users/drewgallagher/Desktop/flixfastforward/flixFastForwardBackend/bootstrap/cache/compiled.php(1874): Illuminate\Container\Container->make('App\\Http\\Middle...', Array)
#9 /Users/drewgallagher/Desktop/flixfastforward/flixFastForwardBackend/bootstrap/cache/compiled.php(9958): Illuminate\Foundation\Application->make('App\\Http\\Middle...')
#10 [internal function]: Illuminate\Pipeline\Pipeline->Illuminate\Pipeline\{closure}(Object(Illuminate\Http\Request))
#11 /Users/drewgallagher/Desktop/flixfastforward/flixFastForwardBackend/vendor/laravel/framework/src/Illuminate/Routing/Pipeline.php(32): call_user_func(Object(Closure), Object(Illuminate\Http\Request))
#12 [internal function]: Illuminate\Routing\Pipeline->Illuminate\Routing\{closure}(Object(Illuminate\Http\Request))
#13 /Users/drewgallagher/Desktop/flixfastforward/flixFastForwardBackend/bootstrap/cache/compiled.php(9948): call_user_func(Object(Closure), Object(Illuminate\Http\Request))
#14 /Users/drewgallagher/Desktop/flixfastforward/flixFastForwardBackend/bootstrap/cache/compiled.php(8226): Illuminate\Pipeline\Pipeline->then(Object(Closure))
#15 /Users/drewgallagher/Desktop/flixfastforward/flixFastForwardBackend/bootstrap/cache/compiled.php(8217): Illuminate\Routing\Router->runRouteWithinStack(Object(Illuminate\Routing\Route), Object(Illuminate\Http\Request))
#16 /Users/drewgallagher/Desktop/flixfastforward/flixFastForwardBackend/bootstrap/cache/compiled.php(8207): Illuminate\Routing\Router->dispatchToRoute(Object(Illuminate\Http\Request))
#17 /Users/drewgallagher/Desktop/flixfastforward/flixFastForwardBackend/bootstrap/cache/compiled.php(2419): Illuminate\Routing\Router->dispatch(Object(Illuminate\Http\Request))
#18 [internal function]: Illuminate\Foundation\Http\Kernel->Illuminate\Foundation\Http\{closure}(Object(Illuminate\Http\Request))
#19 /Users/drewgallagher/Desktop/flixfastforward/flixFastForwardBackend/vendor/laravel/framework/src/Illuminate/Routing/Pipeline.php(52): call_user_func(Object(Closure), Object(Illuminate\Http\Request))
#20 /Users/drewgallagher/Desktop/flixfastforward/flixFastForwardBackend/bootstrap/cache/compiled.php(3286): Illuminate\Routing\Pipeline->Illuminate\Routing\{closure}(Object(Illuminate\Http\Request))
#21 [internal function]: Illuminate\Foundation\Http\Middleware\CheckForMaintenanceMode->handle(Object(Illuminate\Http\Request), Object(Closure))
#22 /Users/drewgallagher/Desktop/flixfastforward/flixFastForwardBackend/bootstrap/cache/compiled.php(9963): call_user_func_array(Array, Array)
#23 [internal function]: Illuminate\Pipeline\Pipeline->Illuminate\Pipeline\{closure}(Object(Illuminate\Http\Request))
#24 /Users/drewgallagher/Desktop/flixfastforward/flixFastForwardBackend/vendor/laravel/framework/src/Illuminate/Routing/Pipeline.php(32): call_user_func(Object(Closure), Object(Illuminate\Http\Request))
#25 [internal function]: Illuminate\Routing\Pipeline->Illuminate\Routing\{closure}(Object(Illuminate\Http\Request))
#26 /Users/drewgallagher/Desktop/flixfastforward/flixFastForwardBackend/bootstrap/cache/compiled.php(9948): call_user_func(Object(Closure), Object(Illuminate\Http\Request))
#27 /Users/drewgallagher/Desktop/flixfastforward/flixFastForwardBackend/bootstrap/cache/compiled.php(2366): Illuminate\Pipeline\Pipeline->then(Object(Closure))
#28 /Users/drewgallagher/Desktop/flixfastforward/flixFastForwardBackend/bootstrap/cache/compiled.php(2350): Illuminate\Foundation\Http\Kernel->sendRequestThroughRouter(Object(Illuminate\Http\Request))
#29 /Users/drewgallagher/Desktop/flixfastforward/flixFastForwardBackend/public/index.php(54): Illuminate\Foundation\Http\Kernel->handle(Object(Illuminate\Http\Request))
#30 /Users/drewgallagher/Desktop/flixfastforward/flixFastForwardBackend/server.php(21): require_once('/Users/drewgall...')
#31 {main}  
[2016-08-11 23:50:54] production.ERROR: exception 'RuntimeException' with message 'No supported encrypter found. The cipher and / or key length are invalid.' in /Users/drewgallagher/Desktop/flixfastforward/flixFastForwardBackend/bootstrap/cache/compiled.php:7771
Stack trace:
#0 /Users/drewgallagher/Desktop/flixfastforward/flixFastForwardBackend/bootstrap/cache/compiled.php(7761): Illuminate\Encryption\EncryptionServiceProvider->getEncrypterForKeyAndCipher(NULL, 'AES-256-CBC')
#1 /Users/drewgallagher/Desktop/flixfastforward/flixFastForwardBackend/bootstrap/cache/compiled.php(1353): Illuminate\Encryption\EncryptionServiceProvider->Illuminate\Encryption\{closure}(Object(Illuminate\Foundation\Application), Array)
#2 /Users/drewgallagher/Desktop/flixfastforward/flixFastForwardBackend/bootstrap/cache/compiled.php(1309): Illuminate\Container\Container->build(Object(Closure), Array)
#3 /Users/drewgallagher/Desktop/flixfastforward/flixFastForwardBackend/bootstrap/cache/compiled.php(1874): Illuminate\Container\Container->make('encrypter', Array)
#4 /Users/drewgallagher/Desktop/flixfastforward/flixFastForwardBackend/bootstrap/cache/compiled.php(1410): Illuminate\Foundation\Application->make('Illuminate\\Cont...')
#5 /Users/drewgallagher/Desktop/flixfastforward/flixFastForwardBackend/bootstrap/cache/compiled.php(1387): Illuminate\Container\Container->resolveClass(Object(ReflectionParameter))
#6 /Users/drewgallagher/Desktop/flixfastforward/flixFastForwardBackend/bootstrap/cache/compiled.php(1373): Illuminate\Container\Container->getDependencies(Array, Array)
#7 /Users/drewgallagher/Desktop/flixfastforward/flixFastForwardBackend/bootstrap/cache/compiled.php(1309): Illuminate\Container\Container->build('App\\Http\\Middle...', Array)
#8 /Users/drewgallagher/Desktop/flixfastforward/flixFastForwardBackend/bootstrap/cache/compiled.php(1874): Illuminate\Container\Container->make('App\\Http\\Middle...', Array)
#9 /Users/drewgallagher/Desktop/flixfastforward/flixFastForwardBackend/bootstrap/cache/compiled.php(2373): Illuminate\Foundation\Application->make('App\\Http\\Middle...')
#10 /Users/drewgallagher/Desktop/flixfastforward/flixFastForwardBackend/public/index.php(58): Illuminate\Foundation\Http\Kernel->terminate(Object(Illuminate\Http\Request), Object(Illuminate\Http\Response))
#11 /Users/drewgallagher/Desktop/flixfastforward/flixFastForwardBackend/server.php(21): require_once('/Users/drewgall...')
#12 {main}  
[2016-08-11 23:50:59] production.ERROR: exception 'RuntimeException' with message 'No supported encrypter found. The cipher and / or key length are invalid.' in /Users/drewgallagher/Desktop/flixfastforward/flixFastForwardBackend/bootstrap/cache/compiled.php:7771
Stack trace:
#0 /Users/drewgallagher/Desktop/flixfastforward/flixFastForwardBackend/bootstrap/cache/compiled.php(7761): Illuminate\Encryption\EncryptionServiceProvider->getEncrypterForKeyAndCipher(NULL, 'AES-256-CBC')
#1 /Users/drewgallagher/Desktop/flixfastforward/flixFastForwardBackend/bootstrap/cache/compiled.php(1353): Illuminate\Encryption\EncryptionServiceProvider->Illuminate\Encryption\{closure}(Object(Illuminate\Foundation\Application), Array)
#2 /Users/drewgallagher/Desktop/flixfastforward/flixFastForwardBackend/bootstrap/cache/compiled.php(1309): Illuminate\Container\Container->build(Object(Closure), Array)
#3 /Users/drewgallagher/Desktop/flixfastforward/flixFastForwardBackend/bootstrap/cache/compiled.php(1874): Illuminate\Container\Container->make('encrypter', Array)
#4 /Users/drewgallagher/Desktop/flixfastforward/flixFastForwardBackend/bootstrap/cache/compiled.php(1410): Illuminate\Foundation\Application->make('Illuminate\\Cont...')
#5 /Users/drewgallagher/Desktop/flixfastforward/flixFastForwardBackend/bootstrap/cache/compiled.php(1387): Illuminate\Container\Container->resolveClass(Object(ReflectionParameter))
#6 /Users/drewgallagher/Desktop/flixfastforward/flixFastForwardBackend/bootstrap/cache/compiled.php(1373): Illuminate\Container\Container->getDependencies(Array, Array)
#7 /Users/drewgallagher/Desktop/flixfastforward/flixFastForwardBackend/bootstrap/cache/compiled.php(1309): Illuminate\Container\Container->build('App\\Http\\Middle...', Array)
#8 /Users/drewgallagher/Desktop/flixfastforward/flixFastForwardBackend/bootstrap/cache/compiled.php(1874): Illuminate\Container\Container->make('App\\Http\\Middle...', Array)
#9 /Users/drewgallagher/Desktop/flixfastforward/flixFastForwardBackend/bootstrap/cache/compiled.php(9958): Illuminate\Foundation\Application->make('App\\Http\\Middle...')
#10 [internal function]: Illuminate\Pipeline\Pipeline->Illuminate\Pipeline\{closure}(Object(Illuminate\Http\Request))
#11 /Users/drewgallagher/Desktop/flixfastforward/flixFastForwardBackend/vendor/laravel/framework/src/Illuminate/Routing/Pipeline.php(32): call_user_func(Object(Closure), Object(Illuminate\Http\Request))
#12 [internal function]: Illuminate\Routing\Pipeline->Illuminate\Routing\{closure}(Object(Illuminate\Http\Request))
#13 /Users/drewgallagher/Desktop/flixfastforward/flixFastForwardBackend/bootstrap/cache/compiled.php(9948): call_user_func(Object(Closure), Object(Illuminate\Http\Request))
#14 /Users/drewgallagher/Desktop/flixfastforward/flixFastForwardBackend/bootstrap/cache/compiled.php(8226): Illuminate\Pipeline\Pipeline->then(Object(Closure))
#15 /Users/drewgallagher/Desktop/flixfastforward/flixFastForwardBackend/bootstrap/cache/compiled.php(8217): Illuminate\Routing\Router->runRouteWithinStack(Object(Illuminate\Routing\Route), Object(Illuminate\Http\Request))
#16 /Users/drewgallagher/Desktop/flixfastforward/flixFastForwardBackend/bootstrap/cache/compiled.php(8207): Illuminate\Routing\Router->dispatchToRoute(Object(Illuminate\Http\Request))
#17 /Users/drewgallagher/Desktop/flixfastforward/flixFastForwardBackend/bootstrap/cache/compiled.php(2419): Illuminate\Routing\Router->dispatch(Object(Illuminate\Http\Request))
#18 [internal function]: Illuminate\Foundation\Http\Kernel->Illuminate\Foundation\Http\{closure}(Object(Illuminate\Http\Request))
#19 /Users/drewgallagher/Desktop/flixfastforward/flixFastForwardBackend/vendor/laravel/framework/src/Illuminate/Routing/Pipeline.php(52): call_user_func(Object(Closure), Object(Illuminate\Http\Request))
#20 /Users/drewgallagher/Desktop/flixfastforward/flixFastForwardBackend/bootstrap/cache/compiled.php(3286): Illuminate\Routing\Pipeline->Illuminate\Routing\{closure}(Object(Illuminate\Http\Request))
#21 [internal function]: Illuminate\Foundation\Http\Middleware\CheckForMaintenanceMode->handle(Object(Illuminate\Http\Request), Object(Closure))
#22 /Users/drewgallagher/Desktop/flixfastforward/flixFastForwardBackend/bootstrap/cache/compiled.php(9963): call_user_func_array(Array, Array)
#23 [internal function]: Illuminate\Pipeline\Pipeline->Illuminate\Pipeline\{closure}(Object(Illuminate\Http\Request))
#24 /Users/drewgallagher/Desktop/flixfastforward/flixFastForwardBackend/vendor/laravel/framework/src/Illuminate/Routing/Pipeline.php(32): call_user_func(Object(Closure), Object(Illuminate\Http\Request))
#25 [internal function]: Illuminate\Routing\Pipeline->Illuminate\Routing\{closure}(Object(Illuminate\Http\Request))
#26 /Users/drewgallagher/Desktop/flixfastforward/flixFastForwardBackend/bootstrap/cache/compiled.php(9948): call_user_func(Object(Closure), Object(Illuminate\Http\Request))
#27 /Users/drewgallagher/Desktop/flixfastforward/flixFastForwardBackend/bootstrap/cache/compiled.php(2366): Illuminate\Pipeline\Pipeline->then(Object(Closure))
#28 /Users/drewgallagher/Desktop/flixfastforward/flixFastForwardBackend/bootstrap/cache/compiled.php(2350): Illuminate\Foundation\Http\Kernel->sendRequestThroughRouter(Object(Illuminate\Http\Request))
#29 /Users/drewgallagher/Desktop/flixfastforward/flixFastForwardBackend/public/index.php(54): Illuminate\Foundation\Http\Kernel->handle(Object(Illuminate\Http\Request))
#30 /Users/drewgallagher/Desktop/flixfastforward/flixFastForwardBackend/server.php(21): require_once('/Users/drewgall...')
#31 {main}  
[2016-08-11 23:50:59] production.ERROR: exception 'RuntimeException' with message 'No supported encrypter found. The cipher and / or key length are invalid.' in /Users/drewgallagher/Desktop/flixfastforward/flixFastForwardBackend/bootstrap/cache/compiled.php:7771
Stack trace:
#0 /Users/drewgallagher/Desktop/flixfastforward/flixFastForwardBackend/bootstrap/cache/compiled.php(7761): Illuminate\Encryption\EncryptionServiceProvider->getEncrypterForKeyAndCipher(NULL, 'AES-256-CBC')
#1 /Users/drewgallagher/Desktop/flixfastforward/flixFastForwardBackend/bootstrap/cache/compiled.php(1353): Illuminate\Encryption\EncryptionServiceProvider->Illuminate\Encryption\{closure}(Object(Illuminate\Foundation\Application), Array)
#2 /Users/drewgallagher/Desktop/flixfastforward/flixFastForwardBackend/bootstrap/cache/compiled.php(1309): Illuminate\Container\Container->build(Object(Closure), Array)
#3 /Users/drewgallagher/Desktop/flixfastforward/flixFastForwardBackend/bootstrap/cache/compiled.php(1874): Illuminate\Container\Container->make('encrypter', Array)
#4 /Users/drewgallagher/Desktop/flixfastforward/flixFastForwardBackend/bootstrap/cache/compiled.php(1410): Illuminate\Foundation\Application->make('Illuminate\\Cont...')
#5 /Users/drewgallagher/Desktop/flixfastforward/flixFastForwardBackend/bootstrap/cache/compiled.php(1387): Illuminate\Container\Container->resolveClass(Object(ReflectionParameter))
#6 /Users/drewgallagher/Desktop/flixfastforward/flixFastForwardBackend/bootstrap/cache/compiled.php(1373): Illuminate\Container\Container->getDependencies(Array, Array)
#7 /Users/drewgallagher/Desktop/flixfastforward/flixFastForwardBackend/bootstrap/cache/compiled.php(1309): Illuminate\Container\Container->build('App\\Http\\Middle...', Array)
#8 /Users/drewgallagher/Desktop/flixfastforward/flixFastForwardBackend/bootstrap/cache/compiled.php(1874): Illuminate\Container\Container->make('App\\Http\\Middle...', Array)
#9 /Users/drewgallagher/Desktop/flixfastforward/flixFastForwardBackend/bootstrap/cache/compiled.php(2373): Illuminate\Foundation\Application->make('App\\Http\\Middle...')
#10 /Users/drewgallagher/Desktop/flixfastforward/flixFastForwardBackend/public/index.php(58): Illuminate\Foundation\Http\Kernel->terminate(Object(Illuminate\Http\Request), Object(Illuminate\Http\Response))
#11 /Users/drewgallagher/Desktop/flixfastforward/flixFastForwardBackend/server.php(21): require_once('/Users/drewgall...')
#12 {main}  
[2016-08-11 23:51:11] production.ERROR: exception 'RuntimeException' with message 'No supported encrypter found. The cipher and / or key length are invalid.' in /Users/drewgallagher/Desktop/flixfastforward/flixFastForwardBackend/bootstrap/cache/compiled.php:7771
Stack trace:
#0 /Users/drewgallagher/Desktop/flixfastforward/flixFastForwardBackend/bootstrap/cache/compiled.php(7761): Illuminate\Encryption\EncryptionServiceProvider->getEncrypterForKeyAndCipher(NULL, 'AES-256-CBC')
#1 /Users/drewgallagher/Desktop/flixfastforward/flixFastForwardBackend/bootstrap/cache/compiled.php(1353): Illuminate\Encryption\EncryptionServiceProvider->Illuminate\Encryption\{closure}(Object(Illuminate\Foundation\Application), Array)
#2 /Users/drewgallagher/Desktop/flixfastforward/flixFastForwardBackend/bootstrap/cache/compiled.php(1309): Illuminate\Container\Container->build(Object(Closure), Array)
#3 /Users/drewgallagher/Desktop/flixfastforward/flixFastForwardBackend/bootstrap/cache/compiled.php(1874): Illuminate\Container\Container->make('encrypter', Array)
#4 /Users/drewgallagher/Desktop/flixfastforward/flixFastForwardBackend/bootstrap/cache/compiled.php(1410): Illuminate\Foundation\Application->make('Illuminate\\Cont...')
#5 /Users/drewgallagher/Desktop/flixfastforward/flixFastForwardBackend/bootstrap/cache/compiled.php(1387): Illuminate\Container\Container->resolveClass(Object(ReflectionParameter))
#6 /Users/drewgallagher/Desktop/flixfastforward/flixFastForwardBackend/bootstrap/cache/compiled.php(1373): Illuminate\Container\Container->getDependencies(Array, Array)
#7 /Users/drewgallagher/Desktop/flixfastforward/flixFastForwardBackend/bootstrap/cache/compiled.php(1309): Illuminate\Container\Container->build('App\\Http\\Middle...', Array)
#8 /Users/drewgallagher/Desktop/flixfastforward/flixFastForwardBackend/bootstrap/cache/compiled.php(1874): Illuminate\Container\Container->make('App\\Http\\Middle...', Array)
#9 /Users/drewgallagher/Desktop/flixfastforward/flixFastForwardBackend/bootstrap/cache/compiled.php(9958): Illuminate\Foundation\Application->make('App\\Http\\Middle...')
#10 [internal function]: Illuminate\Pipeline\Pipeline->Illuminate\Pipeline\{closure}(Object(Illuminate\Http\Request))
#11 /Users/drewgallagher/Desktop/flixfastforward/flixFastForwardBackend/vendor/laravel/framework/src/Illuminate/Routing/Pipeline.php(32): call_user_func(Object(Closure), Object(Illuminate\Http\Request))
#12 [internal function]: Illuminate\Routing\Pipeline->Illuminate\Routing\{closure}(Object(Illuminate\Http\Request))
#13 /Users/drewgallagher/Desktop/flixfastforward/flixFastForwardBackend/bootstrap/cache/compiled.php(9948): call_user_func(Object(Closure), Object(Illuminate\Http\Request))
#14 /Users/drewgallagher/Desktop/flixfastforward/flixFastForwardBackend/bootstrap/cache/compiled.php(8226): Illuminate\Pipeline\Pipeline->then(Object(Closure))
#15 /Users/drewgallagher/Desktop/flixfastforward/flixFastForwardBackend/bootstrap/cache/compiled.php(8217): Illuminate\Routing\Router->runRouteWithinStack(Object(Illuminate\Routing\Route), Object(Illuminate\Http\Request))
#16 /Users/drewgallagher/Desktop/flixfastforward/flixFastForwardBackend/bootstrap/cache/compiled.php(8207): Illuminate\Routing\Router->dispatchToRoute(Object(Illuminate\Http\Request))
#17 /Users/drewgallagher/Desktop/flixfastforward/flixFastForwardBackend/bootstrap/cache/compiled.php(2419): Illuminate\Routing\Router->dispatch(Object(Illuminate\Http\Request))
#18 [internal function]: Illuminate\Foundation\Http\Kernel->Illuminate\Foundation\Http\{closure}(Object(Illuminate\Http\Request))
#19 /Users/drewgallagher/Desktop/flixfastforward/flixFastForwardBackend/vendor/laravel/framework/src/Illuminate/Routing/Pipeline.php(52): call_user_func(Object(Closure), Object(Illuminate\Http\Request))
#20 /Users/drewgallagher/Desktop/flixfastforward/flixFastForwardBackend/bootstrap/cache/compiled.php(3286): Illuminate\Routing\Pipeline->Illuminate\Routing\{closure}(Object(Illuminate\Http\Request))
#21 [internal function]: Illuminate\Foundation\Http\Middleware\CheckForMaintenanceMode->handle(Object(Illuminate\Http\Request), Object(Closure))
#22 /Users/drewgallagher/Desktop/flixfastforward/flixFastForwardBackend/bootstrap/cache/compiled.php(9963): call_user_func_array(Array, Array)
#23 [internal function]: Illuminate\Pipeline\Pipeline->Illuminate\Pipeline\{closure}(Object(Illuminate\Http\Request))
#24 /Users/drewgallagher/Desktop/flixfastforward/flixFastForwardBackend/vendor/laravel/framework/src/Illuminate/Routing/Pipeline.php(32): call_user_func(Object(Closure), Object(Illuminate\Http\Request))
#25 [internal function]: Illuminate\Routing\Pipeline->Illuminate\Routing\{closure}(Object(Illuminate\Http\Request))
#26 /Users/drewgallagher/Desktop/flixfastforward/flixFastForwardBackend/bootstrap/cache/compiled.php(9948): call_user_func(Object(Closure), Object(Illuminate\Http\Request))
#27 /Users/drewgallagher/Desktop/flixfastforward/flixFastForwardBackend/bootstrap/cache/compiled.php(2366): Illuminate\Pipeline\Pipeline->then(Object(Closure))
#28 /Users/drewgallagher/Desktop/flixfastforward/flixFastForwardBackend/bootstrap/cache/compiled.php(2350): Illuminate\Foundation\Http\Kernel->sendRequestThroughRouter(Object(Illuminate\Http\Request))
#29 /Users/drewgallagher/Desktop/flixfastforward/flixFastForwardBackend/public/index.php(54): Illuminate\Foundation\Http\Kernel->handle(Object(Illuminate\Http\Request))
#30 /Users/drewgallagher/Desktop/flixfastforward/flixFastForwardBackend/server.php(21): require_once('/Users/drewgall...')
#31 {main}  
[2016-08-11 23:51:11] production.ERROR: exception 'RuntimeException' with message 'No supported encrypter found. The cipher and / or key length are invalid.' in /Users/drewgallagher/Desktop/flixfastforward/flixFastForwardBackend/bootstrap/cache/compiled.php:7771
Stack trace:
#0 /Users/drewgallagher/Desktop/flixfastforward/flixFastForwardBackend/bootstrap/cache/compiled.php(7761): Illuminate\Encryption\EncryptionServiceProvider->getEncrypterForKeyAndCipher(NULL, 'AES-256-CBC')
#1 /Users/drewgallagher/Desktop/flixfastforward/flixFastForwardBackend/bootstrap/cache/compiled.php(1353): Illuminate\Encryption\EncryptionServiceProvider->Illuminate\Encryption\{closure}(Object(Illuminate\Foundation\Application), Array)
#2 /Users/drewgallagher/Desktop/flixfastforward/flixFastForwardBackend/bootstrap/cache/compiled.php(1309): Illuminate\Container\Container->build(Object(Closure), Array)
#3 /Users/drewgallagher/Desktop/flixfastforward/flixFastForwardBackend/bootstrap/cache/compiled.php(1874): Illuminate\Container\Container->make('encrypter', Array)
#4 /Users/drewgallagher/Desktop/flixfastforward/flixFastForwardBackend/bootstrap/cache/compiled.php(1410): Illuminate\Foundation\Application->make('Illuminate\\Cont...')
#5 /Users/drewgallagher/Desktop/flixfastforward/flixFastForwardBackend/bootstrap/cache/compiled.php(1387): Illuminate\Container\Container->resolveClass(Object(ReflectionParameter))
#6 /Users/drewgallagher/Desktop/flixfastforward/flixFastForwardBackend/bootstrap/cache/compiled.php(1373): Illuminate\Container\Container->getDependencies(Array, Array)
#7 /Users/drewgallagher/Desktop/flixfastforward/flixFastForwardBackend/bootstrap/cache/compiled.php(1309): Illuminate\Container\Container->build('App\\Http\\Middle...', Array)
#8 /Users/drewgallagher/Desktop/flixfastforward/flixFastForwardBackend/bootstrap/cache/compiled.php(1874): Illuminate\Container\Container->make('App\\Http\\Middle...', Array)
#9 /Users/drewgallagher/Desktop/flixfastforward/flixFastForwardBackend/bootstrap/cache/compiled.php(2373): Illuminate\Foundation\Application->make('App\\Http\\Middle...')
#10 /Users/drewgallagher/Desktop/flixfastforward/flixFastForwardBackend/public/index.php(58): Illuminate\Foundation\Http\Kernel->terminate(Object(Illuminate\Http\Request), Object(Illuminate\Http\Response))
#11 /Users/drewgallagher/Desktop/flixfastforward/flixFastForwardBackend/server.php(21): require_once('/Users/drewgall...')
#12 {main}  
[2016-08-11 23:51:36] production.ERROR: exception 'RuntimeException' with message 'No supported encrypter found. The cipher and / or key length are invalid.' in /Users/drewgallagher/Desktop/flixfastforward/flixFastForwardBackend/bootstrap/cache/compiled.php:7771
Stack trace:
#0 /Users/drewgallagher/Desktop/flixfastforward/flixFastForwardBackend/bootstrap/cache/compiled.php(7761): Illuminate\Encryption\EncryptionServiceProvider->getEncrypterForKeyAndCipher(NULL, 'AES-256-CBC')
#1 /Users/drewgallagher/Desktop/flixfastforward/flixFastForwardBackend/bootstrap/cache/compiled.php(1353): Illuminate\Encryption\EncryptionServiceProvider->Illuminate\Encryption\{closure}(Object(Illuminate\Foundation\Application), Array)
#2 /Users/drewgallagher/Desktop/flixfastforward/flixFastForwardBackend/bootstrap/cache/compiled.php(1309): Illuminate\Container\Container->build(Object(Closure), Array)
#3 /Users/drewgallagher/Desktop/flixfastforward/flixFastForwardBackend/bootstrap/cache/compiled.php(1874): Illuminate\Container\Container->make('encrypter', Array)
#4 /Users/drewgallagher/Desktop/flixfastforward/flixFastForwardBackend/bootstrap/cache/compiled.php(1410): Illuminate\Foundation\Application->make('Illuminate\\Cont...')
#5 /Users/drewgallagher/Desktop/flixfastforward/flixFastForwardBackend/bootstrap/cache/compiled.php(1387): Illuminate\Container\Container->resolveClass(Object(ReflectionParameter))
#6 /Users/drewgallagher/Desktop/flixfastforward/flixFastForwardBackend/bootstrap/cache/compiled.php(1373): Illuminate\Container\Container->getDependencies(Array, Array)
#7 /Users/drewgallagher/Desktop/flixfastforward/flixFastForwardBackend/bootstrap/cache/compiled.php(1309): Illuminate\Container\Container->build('App\\Http\\Middle...', Array)
#8 /Users/drewgallagher/Desktop/flixfastforward/flixFastForwardBackend/bootstrap/cache/compiled.php(1874): Illuminate\Container\Container->make('App\\Http\\Middle...', Array)
#9 /Users/drewgallagher/Desktop/flixfastforward/flixFastForwardBackend/bootstrap/cache/compiled.php(9958): Illuminate\Foundation\Application->make('App\\Http\\Middle...')
#10 [internal function]: Illuminate\Pipeline\Pipeline->Illuminate\Pipeline\{closure}(Object(Illuminate\Http\Request))
#11 /Users/drewgallagher/Desktop/flixfastforward/flixFastForwardBackend/vendor/laravel/framework/src/Illuminate/Routing/Pipeline.php(32): call_user_func(Object(Closure), Object(Illuminate\Http\Request))
#12 [internal function]: Illuminate\Routing\Pipeline->Illuminate\Routing\{closure}(Object(Illuminate\Http\Request))
#13 /Users/drewgallagher/Desktop/flixfastforward/flixFastForwardBackend/bootstrap/cache/compiled.php(9948): call_user_func(Object(Closure), Object(Illuminate\Http\Request))
#14 /Users/drewgallagher/Desktop/flixfastforward/flixFastForwardBackend/bootstrap/cache/compiled.php(8226): Illuminate\Pipeline\Pipeline->then(Object(Closure))
#15 /Users/drewgallagher/Desktop/flixfastforward/flixFastForwardBackend/bootstrap/cache/compiled.php(8217): Illuminate\Routing\Router->runRouteWithinStack(Object(Illuminate\Routing\Route), Object(Illuminate\Http\Request))
#16 /Users/drewgallagher/Desktop/flixfastforward/flixFastForwardBackend/bootstrap/cache/compiled.php(8207): Illuminate\Routing\Router->dispatchToRoute(Object(Illuminate\Http\Request))
#17 /Users/drewgallagher/Desktop/flixfastforward/flixFastForwardBackend/bootstrap/cache/compiled.php(2419): Illuminate\Routing\Router->dispatch(Object(Illuminate\Http\Request))
#18 [internal function]: Illuminate\Foundation\Http\Kernel->Illuminate\Foundation\Http\{closure}(Object(Illuminate\Http\Request))
#19 /Users/drewgallagher/Desktop/flixfastforward/flixFastForwardBackend/vendor/laravel/framework/src/Illuminate/Routing/Pipeline.php(52): call_user_func(Object(Closure), Object(Illuminate\Http\Request))
#20 /Users/drewgallagher/Desktop/flixfastforward/flixFastForwardBackend/bootstrap/cache/compiled.php(3286): Illuminate\Routing\Pipeline->Illuminate\Routing\{closure}(Object(Illuminate\Http\Request))
#21 [internal function]: Illuminate\Foundation\Http\Middleware\CheckForMaintenanceMode->handle(Object(Illuminate\Http\Request), Object(Closure))
#22 /Users/drewgallagher/Desktop/flixfastforward/flixFastForwardBackend/bootstrap/cache/compiled.php(9963): call_user_func_array(Array, Array)
#23 [internal function]: Illuminate\Pipeline\Pipeline->Illuminate\Pipeline\{closure}(Object(Illuminate\Http\Request))
#24 /Users/drewgallagher/Desktop/flixfastforward/flixFastForwardBackend/vendor/laravel/framework/src/Illuminate/Routing/Pipeline.php(32): call_user_func(Object(Closure), Object(Illuminate\Http\Request))
#25 [internal function]: Illuminate\Routing\Pipeline->Illuminate\Routing\{closure}(Object(Illuminate\Http\Request))
#26 /Users/drewgallagher/Desktop/flixfastforward/flixFastForwardBackend/bootstrap/cache/compiled.php(9948): call_user_func(Object(Closure), Object(Illuminate\Http\Request))
#27 /Users/drewgallagher/Desktop/flixfastforward/flixFastForwardBackend/bootstrap/cache/compiled.php(2366): Illuminate\Pipeline\Pipeline->then(Object(Closure))
#28 /Users/drewgallagher/Desktop/flixfastforward/flixFastForwardBackend/bootstrap/cache/compiled.php(2350): Illuminate\Foundation\Http\Kernel->sendRequestThroughRouter(Object(Illuminate\Http\Request))
#29 /Users/drewgallagher/Desktop/flixfastforward/flixFastForwardBackend/public/index.php(54): Illuminate\Foundation\Http\Kernel->handle(Object(Illuminate\Http\Request))
#30 /Users/drewgallagher/Desktop/flixfastforward/flixFastForwardBackend/server.php(21): require_once('/Users/drewgall...')
#31 {main}  
[2016-08-11 23:51:36] production.ERROR: exception 'RuntimeException' with message 'No supported encrypter found. The cipher and / or key length are invalid.' in /Users/drewgallagher/Desktop/flixfastforward/flixFastForwardBackend/bootstrap/cache/compiled.php:7771
Stack trace:
#0 /Users/drewgallagher/Desktop/flixfastforward/flixFastForwardBackend/bootstrap/cache/compiled.php(7761): Illuminate\Encryption\EncryptionServiceProvider->getEncrypterForKeyAndCipher(NULL, 'AES-256-CBC')
#1 /Users/drewgallagher/Desktop/flixfastforward/flixFastForwardBackend/bootstrap/cache/compiled.php(1353): Illuminate\Encryption\EncryptionServiceProvider->Illuminate\Encryption\{closure}(Object(Illuminate\Foundation\Application), Array)
#2 /Users/drewgallagher/Desktop/flixfastforward/flixFastForwardBackend/bootstrap/cache/compiled.php(1309): Illuminate\Container\Container->build(Object(Closure), Array)
#3 /Users/drewgallagher/Desktop/flixfastforward/flixFastForwardBackend/bootstrap/cache/compiled.php(1874): Illuminate\Container\Container->make('encrypter', Array)
#4 /Users/drewgallagher/Desktop/flixfastforward/flixFastForwardBackend/bootstrap/cache/compiled.php(1410): Illuminate\Foundation\Application->make('Illuminate\\Cont...')
#5 /Users/drewgallagher/Desktop/flixfastforward/flixFastForwardBackend/bootstrap/cache/compiled.php(1387): Illuminate\Container\Container->resolveClass(Object(ReflectionParameter))
#6 /Users/drewgallagher/Desktop/flixfastforward/flixFastForwardBackend/bootstrap/cache/compiled.php(1373): Illuminate\Container\Container->getDependencies(Array, Array)
#7 /Users/drewgallagher/Desktop/flixfastforward/flixFastForwardBackend/bootstrap/cache/compiled.php(1309): Illuminate\Container\Container->build('App\\Http\\Middle...', Array)
#8 /Users/drewgallagher/Desktop/flixfastforward/flixFastForwardBackend/bootstrap/cache/compiled.php(1874): Illuminate\Container\Container->make('App\\Http\\Middle...', Array)
#9 /Users/drewgallagher/Desktop/flixfastforward/flixFastForwardBackend/bootstrap/cache/compiled.php(2373): Illuminate\Foundation\Application->make('App\\Http\\Middle...')
#10 /Users/drewgallagher/Desktop/flixfastforward/flixFastForwardBackend/public/index.php(58): Illuminate\Foundation\Http\Kernel->terminate(Object(Illuminate\Http\Request), Object(Illuminate\Http\Response))
#11 /Users/drewgallagher/Desktop/flixfastforward/flixFastForwardBackend/server.php(21): require_once('/Users/drewgall...')
#12 {main}  
[2016-08-11 23:51:41] production.ERROR: exception 'RuntimeException' with message 'No supported encrypter found. The cipher and / or key length are invalid.' in /Users/drewgallagher/Desktop/flixfastforward/flixFastForwardBackend/bootstrap/cache/compiled.php:7771
Stack trace:
#0 /Users/drewgallagher/Desktop/flixfastforward/flixFastForwardBackend/bootstrap/cache/compiled.php(7761): Illuminate\Encryption\EncryptionServiceProvider->getEncrypterForKeyAndCipher(NULL, 'AES-256-CBC')
#1 /Users/drewgallagher/Desktop/flixfastforward/flixFastForwardBackend/bootstrap/cache/compiled.php(1353): Illuminate\Encryption\EncryptionServiceProvider->Illuminate\Encryption\{closure}(Object(Illuminate\Foundation\Application), Array)
#2 /Users/drewgallagher/Desktop/flixfastforward/flixFastForwardBackend/bootstrap/cache/compiled.php(1309): Illuminate\Container\Container->build(Object(Closure), Array)
#3 /Users/drewgallagher/Desktop/flixfastforward/flixFastForwardBackend/bootstrap/cache/compiled.php(1874): Illuminate\Container\Container->make('encrypter', Array)
#4 /Users/drewgallagher/Desktop/flixfastforward/flixFastForwardBackend/bootstrap/cache/compiled.php(1410): Illuminate\Foundation\Application->make('Illuminate\\Cont...')
#5 /Users/drewgallagher/Desktop/flixfastforward/flixFastForwardBackend/bootstrap/cache/compiled.php(1387): Illuminate\Container\Container->resolveClass(Object(ReflectionParameter))
#6 /Users/drewgallagher/Desktop/flixfastforward/flixFastForwardBackend/bootstrap/cache/compiled.php(1373): Illuminate\Container\Container->getDependencies(Array, Array)
#7 /Users/drewgallagher/Desktop/flixfastforward/flixFastForwardBackend/bootstrap/cache/compiled.php(1309): Illuminate\Container\Container->build('App\\Http\\Middle...', Array)
#8 /Users/drewgallagher/Desktop/flixfastforward/flixFastForwardBackend/bootstrap/cache/compiled.php(1874): Illuminate\Container\Container->make('App\\Http\\Middle...', Array)
#9 /Users/drewgallagher/Desktop/flixfastforward/flixFastForwardBackend/bootstrap/cache/compiled.php(9958): Illuminate\Foundation\Application->make('App\\Http\\Middle...')
#10 [internal function]: Illuminate\Pipeline\Pipeline->Illuminate\Pipeline\{closure}(Object(Illuminate\Http\Request))
#11 /Users/drewgallagher/Desktop/flixfastforward/flixFastForwardBackend/vendor/laravel/framework/src/Illuminate/Routing/Pipeline.php(32): call_user_func(Object(Closure), Object(Illuminate\Http\Request))
#12 [internal function]: Illuminate\Routing\Pipeline->Illuminate\Routing\{closure}(Object(Illuminate\Http\Request))
#13 /Users/drewgallagher/Desktop/flixfastforward/flixFastForwardBackend/bootstrap/cache/compiled.php(9948): call_user_func(Object(Closure), Object(Illuminate\Http\Request))
#14 /Users/drewgallagher/Desktop/flixfastforward/flixFastForwardBackend/bootstrap/cache/compiled.php(8226): Illuminate\Pipeline\Pipeline->then(Object(Closure))
#15 /Users/drewgallagher/Desktop/flixfastforward/flixFastForwardBackend/bootstrap/cache/compiled.php(8217): Illuminate\Routing\Router->runRouteWithinStack(Object(Illuminate\Routing\Route), Object(Illuminate\Http\Request))
#16 /Users/drewgallagher/Desktop/flixfastforward/flixFastForwardBackend/bootstrap/cache/compiled.php(8207): Illuminate\Routing\Router->dispatchToRoute(Object(Illuminate\Http\Request))
#17 /Users/drewgallagher/Desktop/flixfastforward/flixFastForwardBackend/bootstrap/cache/compiled.php(2419): Illuminate\Routing\Router->dispatch(Object(Illuminate\Http\Request))
#18 [internal function]: Illuminate\Foundation\Http\Kernel->Illuminate\Foundation\Http\{closure}(Object(Illuminate\Http\Request))
#19 /Users/drewgallagher/Desktop/flixfastforward/flixFastForwardBackend/vendor/laravel/framework/src/Illuminate/Routing/Pipeline.php(52): call_user_func(Object(Closure), Object(Illuminate\Http\Request))
#20 /Users/drewgallagher/Desktop/flixfastforward/flixFastForwardBackend/bootstrap/cache/compiled.php(3286): Illuminate\Routing\Pipeline->Illuminate\Routing\{closure}(Object(Illuminate\Http\Request))
#21 [internal function]: Illuminate\Foundation\Http\Middleware\CheckForMaintenanceMode->handle(Object(Illuminate\Http\Request), Object(Closure))
#22 /Users/drewgallagher/Desktop/flixfastforward/flixFastForwardBackend/bootstrap/cache/compiled.php(9963): call_user_func_array(Array, Array)
#23 [internal function]: Illuminate\Pipeline\Pipeline->Illuminate\Pipeline\{closure}(Object(Illuminate\Http\Request))
#24 /Users/drewgallagher/Desktop/flixfastforward/flixFastForwardBackend/vendor/laravel/framework/src/Illuminate/Routing/Pipeline.php(32): call_user_func(Object(Closure), Object(Illuminate\Http\Request))
#25 [internal function]: Illuminate\Routing\Pipeline->Illuminate\Routing\{closure}(Object(Illuminate\Http\Request))
#26 /Users/drewgallagher/Desktop/flixfastforward/flixFastForwardBackend/bootstrap/cache/compiled.php(9948): call_user_func(Object(Closure), Object(Illuminate\Http\Request))
#27 /Users/drewgallagher/Desktop/flixfastforward/flixFastForwardBackend/bootstrap/cache/compiled.php(2366): Illuminate\Pipeline\Pipeline->then(Object(Closure))
#28 /Users/drewgallagher/Desktop/flixfastforward/flixFastForwardBackend/bootstrap/cache/compiled.php(2350): Illuminate\Foundation\Http\Kernel->sendRequestThroughRouter(Object(Illuminate\Http\Request))
#29 /Users/drewgallagher/Desktop/flixfastforward/flixFastForwardBackend/public/index.php(54): Illuminate\Foundation\Http\Kernel->handle(Object(Illuminate\Http\Request))
#30 /Users/drewgallagher/Desktop/flixfastforward/flixFastForwardBackend/server.php(21): require_once('/Users/drewgall...')
#31 {main}  
[2016-08-11 23:51:41] production.ERROR: exception 'RuntimeException' with message 'No supported encrypter found. The cipher and / or key length are invalid.' in /Users/drewgallagher/Desktop/flixfastforward/flixFastForwardBackend/bootstrap/cache/compiled.php:7771
Stack trace:
#0 /Users/drewgallagher/Desktop/flixfastforward/flixFastForwardBackend/bootstrap/cache/compiled.php(7761): Illuminate\Encryption\EncryptionServiceProvider->getEncrypterForKeyAndCipher(NULL, 'AES-256-CBC')
#1 /Users/drewgallagher/Desktop/flixfastforward/flixFastForwardBackend/bootstrap/cache/compiled.php(1353): Illuminate\Encryption\EncryptionServiceProvider->Illuminate\Encryption\{closure}(Object(Illuminate\Foundation\Application), Array)
#2 /Users/drewgallagher/Desktop/flixfastforward/flixFastForwardBackend/bootstrap/cache/compiled.php(1309): Illuminate\Container\Container->build(Object(Closure), Array)
#3 /Users/drewgallagher/Desktop/flixfastforward/flixFastForwardBackend/bootstrap/cache/compiled.php(1874): Illuminate\Container\Container->make('encrypter', Array)
#4 /Users/drewgallagher/Desktop/flixfastforward/flixFastForwardBackend/bootstrap/cache/compiled.php(1410): Illuminate\Foundation\Application->make('Illuminate\\Cont...')
#5 /Users/drewgallagher/Desktop/flixfastforward/flixFastForwardBackend/bootstrap/cache/compiled.php(1387): Illuminate\Container\Container->resolveClass(Object(ReflectionParameter))
#6 /Users/drewgallagher/Desktop/flixfastforward/flixFastForwardBackend/bootstrap/cache/compiled.php(1373): Illuminate\Container\Container->getDependencies(Array, Array)
#7 /Users/drewgallagher/Desktop/flixfastforward/flixFastForwardBackend/bootstrap/cache/compiled.php(1309): Illuminate\Container\Container->build('App\\Http\\Middle...', Array)
#8 /Users/drewgallagher/Desktop/flixfastforward/flixFastForwardBackend/bootstrap/cache/compiled.php(1874): Illuminate\Container\Container->make('App\\Http\\Middle...', Array)
#9 /Users/drewgallagher/Desktop/flixfastforward/flixFastForwardBackend/bootstrap/cache/compiled.php(2373): Illuminate\Foundation\Application->make('App\\Http\\Middle...')
#10 /Users/drewgallagher/Desktop/flixfastforward/flixFastForwardBackend/public/index.php(58): Illuminate\Foundation\Http\Kernel->terminate(Object(Illuminate\Http\Request), Object(Illuminate\Http\Response))
#11 /Users/drewgallagher/Desktop/flixfastforward/flixFastForwardBackend/server.php(21): require_once('/Users/drewgall...')
#12 {main}  
[2016-08-11 23:54:31] local.ERROR: exception 'Symfony\Component\Console\Exception\CommandNotFoundException' with message 'Command "generate" is not defined.

Did you mean one of these?
    key:generate
    crud:generate
    event:generate' in /Users/drewgallagher/Desktop/flixfastforward/flixFastForwardBackend/vendor/symfony/console/Application.php:515
Stack trace:
#0 /Users/drewgallagher/Desktop/flixfastforward/flixFastForwardBackend/vendor/symfony/console/Application.php(183): Symfony\Component\Console\Application->find('generate')
#1 /Users/drewgallagher/Desktop/flixfastforward/flixFastForwardBackend/vendor/symfony/console/Application.php(117): Symfony\Component\Console\Application->doRun(Object(Symfony\Component\Console\Input\ArgvInput), Object(Symfony\Component\Console\Output\ConsoleOutput))
#2 /Users/drewgallagher/Desktop/flixfastforward/flixFastForwardBackend/vendor/laravel/framework/src/Illuminate/Foundation/Console/Kernel.php(107): Symfony\Component\Console\Application->run(Object(Symfony\Component\Console\Input\ArgvInput), Object(Symfony\Component\Console\Output\ConsoleOutput))
#3 /Users/drewgallagher/Desktop/flixfastforward/flixFastForwardBackend/artisan(36): Illuminate\Foundation\Console\Kernel->handle(Object(Symfony\Component\Console\Input\ArgvInput), Object(Symfony\Component\Console\Output\ConsoleOutput))
#4 {main}  
